#
# There is insufficient memory for the Java Runtime Environment to continue.
# Native memory allocation (malloc) failed to allocate 1048576 bytes for AllocateHeap
# Possible reasons:
#   The system is out of physical RAM or swap space
#   In 32 bit mode, the process size limit was hit
# Possible solutions:
#   Reduce memory load on the system
#   Increase physical memory or swap space
#   Check if swap backing store is full
#   Use 64 bit Java on a 64 bit OS
#   Decrease Java heap size (-Xmx/-Xms)
#   Decrease number of Java threads
#   Decrease Java thread stack sizes (-Xss)
#   Set larger code cache with -XX:ReservedCodeCacheSize=
# This output file may be truncated or incomplete.
#
#  Out of Memory Error (memory/allocation.inline.hpp:61), pid=18464, tid=0x0000000000004038
#
# JRE version:  (8.0_161-b12) (build )
# Java VM: Java HotSpot(TM) 64-Bit Server VM (25.161-b12 mixed mode windows-amd64 compressed oops)
# Failed to write core dump. Minidumps are not enabled by default on client versions of Windows
#

---------------  T H R E A D  ---------------

Current thread (0x0000000002bb2800):  JavaThread "Unknown thread" [_thread_in_vm, id=16440, stack(0x00000000029d0000,0x0000000002ad0000)]

Stack: [0x00000000029d0000,0x0000000002ad0000]
[error occurred during error reporting (printing stack bounds), id 0xc0000005]

Native frames: (J=compiled Java code, j=interpreted, Vv=VM code, C=native code)


---------------  P R O C E S S  ---------------

Java Threads: ( => current thread )

Other Threads:

=>0x0000000002bb2800 (exited) JavaThread "Unknown thread" [_thread_in_vm, id=16440, stack(0x00000000029d0000,0x0000000002ad0000)]

VM state:not at safepoint (normal execution)

VM Mutex/Monitor currently owned by a thread: None

Heap:
 PSYoungGen      total 38400K, used 665K [0x00000000d5d80000, 0x00000000d8800000, 0x0000000100000000)
  eden space 33280K, 2% used [0x00000000d5d80000,0x00000000d5e26670,0x00000000d7e00000)
  from space 5120K, 0% used [0x00000000d8300000,0x00000000d8300000,0x00000000d8800000)
  to   space 5120K, 0% used [0x00000000d7e00000,0x00000000d7e00000,0x00000000d8300000)
 ParOldGen       total 87552K, used 0K [0x0000000081800000, 0x0000000086d80000, 0x00000000d5d80000)
  object space 87552K, 0% used [0x0000000081800000,0x0000000081800000,0x0000000086d80000)
 Metaspace       used 747K, capacity 4480K, committed 4480K, reserved 1056768K
  class space    used 75K, capacity 384K, committed 384K, reserved 1048576K

Card table byte_map: [0x0000000012170000,0x0000000012570000] byte_map_base: 0x0000000011d64000

Marking Bits: (ParMarkBitMap*) 0x0000000074daf860
 Begin Bits: [0x0000000012c20000, 0x0000000014bc0000)
 End Bits:   [0x0000000014bc0000, 0x0000000016b60000)

Polling page: 0x0000000001210000

CodeCache: size=245760Kb used=328Kb max_used=328Kb free=245431Kb
 bounds [0x0000000002db0000, 0x0000000003020000, 0x0000000011db0000]
 total_blobs=58 nmethods=0 adapters=38
 compilation: enabled

Compilation events (0 events):
No events

GC Heap History (0 events):
No events

Deoptimization events (0 events):
No events

Classes redefined (0 events):
No events

Internal exceptions (0 events):
No events

Events (10 events):
Event: 0.074 loading class java/lang/Short
Event: 0.074 loading class java/lang/Short done
Event: 0.074 loading class java/lang/Integer
Event: 0.074 loading class java/lang/Integer done
Event: 0.074 loading class java/lang/Long
Event: 0.074 loading class java/lang/Long done
Event: 0.075 loading class java/lang/NullPointerException
Event: 0.075 loading class java/lang/NullPointerException done
Event: 0.075 loading class java/lang/ArithmeticException
Event: 0.075 loading class java/lang/ArithmeticException done


Dynamic libraries:
0x00007ff7d2c80000 - 0x00007ff7d2cb7000 	C:\Program Files\Java\jre1.8.0_161\bin\javaw.exe
0x00007fff971e0000 - 0x00007fff973d0000 	C:\WINDOWS\SYSTEM32\ntdll.dll
0x00007fff970e0000 - 0x00007fff97192000 	C:\WINDOWS\System32\KERNEL32.DLL
0x00007fff94270000 - 0x00007fff94513000 	C:\WINDOWS\System32\KERNELBASE.dll
0x00007fff97030000 - 0x00007fff970d3000 	C:\WINDOWS\System32\ADVAPI32.dll
0x00007fff95ea0000 - 0x00007fff95f3e000 	C:\WINDOWS\System32\msvcrt.dll
0x00007fff95ae0000 - 0x00007fff95b77000 	C:\WINDOWS\System32\sechost.dll
0x00007fff95290000 - 0x00007fff953b0000 	C:\WINDOWS\System32\RPCRT4.dll
0x00007fff963b0000 - 0x00007fff96544000 	C:\WINDOWS\System32\USER32.dll
0x00007fff94d90000 - 0x00007fff94db1000 	C:\WINDOWS\System32\win32u.dll
0x00007fff96380000 - 0x00007fff963a6000 	C:\WINDOWS\System32\GDI32.dll
0x00007fff94de0000 - 0x00007fff94f74000 	C:\WINDOWS\System32\gdi32full.dll
0x00007fff94570000 - 0x00007fff9460e000 	C:\WINDOWS\System32\msvcp_win.dll
0x00007fff94170000 - 0x00007fff9426a000 	C:\WINDOWS\System32\ucrtbase.dll
0x00007fff85c50000 - 0x00007fff85ed5000 	C:\WINDOWS\WinSxS\amd64_microsoft.windows.common-controls_6595b64144ccf1df_6.0.18362.720_none_e6beb5c51314836b\COMCTL32.dll
0x00007fff96cf0000 - 0x00007fff97026000 	C:\WINDOWS\System32\combase.dll
0x00007fff94fe0000 - 0x00007fff95060000 	C:\WINDOWS\System32\bcryptPrimitives.dll
0x00007fff95f40000 - 0x00007fff95f6e000 	C:\WINDOWS\System32\IMM32.DLL
0x0000000076020000 - 0x00000000760f2000 	C:\Program Files\Java\jre1.8.0_161\bin\msvcr100.dll
0x0000000074590000 - 0x0000000074e2f000 	C:\Program Files\Java\jre1.8.0_161\bin\server\jvm.dll
0x00007fff954b0000 - 0x00007fff954b8000 	C:\WINDOWS\System32\PSAPI.DLL
0x00007fff90f40000 - 0x00007fff90f64000 	C:\WINDOWS\SYSTEM32\WINMM.dll
0x00007fff8db50000 - 0x00007fff8db5a000 	C:\WINDOWS\SYSTEM32\VERSION.dll
0x00007fff90b30000 - 0x00007fff90b39000 	C:\WINDOWS\SYSTEM32\WSOCK32.dll
0x00007fff953b0000 - 0x00007fff9541f000 	C:\WINDOWS\System32\WS2_32.dll
0x00007fff90f10000 - 0x00007fff90f3d000 	C:\WINDOWS\SYSTEM32\winmmbase.dll
0x00007fff94520000 - 0x00007fff9456a000 	C:\WINDOWS\System32\cfgmgr32.dll
0x0000000076010000 - 0x000000007601f000 	C:\Program Files\Java\jre1.8.0_161\bin\verify.dll
0x0000000075fe0000 - 0x0000000076009000 	C:\Program Files\Java\jre1.8.0_161\bin\java.dll
0x0000000075fc0000 - 0x0000000075fd6000 	C:\Program Files\Java\jre1.8.0_161\bin\zip.dll

VM Arguments:
jvm_args: -Dfile.encoding=Cp1252 
java_command: view.GameView
java_class_path (initial): C:\Program Files\Java\jre1.8.0_161\lib\resources.jar;C:\Program Files\Java\jre1.8.0_161\lib\rt.jar;C:\Program Files\Java\jre1.8.0_161\lib\jsse.jar;C:\Program Files\Java\jre1.8.0_161\lib\jce.jar;C:\Program Files\Java\jre1.8.0_161\lib\charsets.jar;C:\Program Files\Java\jre1.8.0_161\lib\jfr.jar;C:\Program Files\Java\jre1.8.0_161\lib\ext\access-bridge-64.jar;C:\Program Files\Java\jre1.8.0_161\lib\ext\cldrdata.jar;C:\Program Files\Java\jre1.8.0_161\lib\ext\dnsns.jar;C:\Program Files\Java\jre1.8.0_161\lib\ext\jaccess.jar;C:\Program Files\Java\jre1.8.0_161\lib\ext\jfxrt.jar;C:\Program Files\Java\jre1.8.0_161\lib\ext\localedata.jar;C:\Program Files\Java\jre1.8.0_161\lib\ext\nashorn.jar;C:\Program Files\Java\jre1.8.0_161\lib\ext\sunec.jar;C:\Program Files\Java\jre1.8.0_161\lib\ext\sunjce_provider.jar;C:\Program Files\Java\jre1.8.0_161\lib\ext\sunmscapi.jar;C:\Program Files\Java\jre1.8.0_161\lib\ext\sunpkcs11.jar;C:\Program Files\Java\jre1.8.0_161\lib\ext\zipfs.jar;C:\Users\Ne Z Ar\eclipse-workspace\HS-M2\bin;C:\Users\Ne Z Ar\.p2\pool\plugins\org.junit.jupiter.api_5.0.0.v20170910-2246.jar;C:\Users\Ne Z Ar\.p2\pool\plugins\org.junit.jupiter.engine_5.0.0.v20170910-2246.jar;C:\Users\Ne Z Ar\.p2\pool\plugins\org.junit.jupiter.migrationsupport_5.0.0.v20170910-2246.jar;C:\Users\Ne Z Ar\.p2\pool\plugins\org.junit.jupiter.params_5.0.0.v20170910-2246.jar;C:\Users\Ne Z Ar\.p2\pool\plugins\org.junit.platform.commons_1.0.0.v20170910-2246.jar;C:\Users\Ne Z Ar\.p2\pool\plugins\org.junit.platform.engine_1.0.0.v20170910-2246.jar;C:\Users\Ne Z Ar\.p2\pool\plugins\org.junit.platform.launcher_1.0.0.v20170910-2246.jar;C:\Users\Ne Z Ar\.p2\pool\plugins\org.junit.platform.runner_1.0.0.v20170910-2246.jar;C:\Users\Ne Z Ar\.p2\pool\plugins\org.junit.platform.suite.api_1.0.0.v20170910-2246.jar;C:\Users\Ne Z Ar\.p2\pool\plugins\org.junit.vintage.engine_4.12.0.v20170910-2246.jar;C:\Users\Ne Z Ar\.p2\pool\plugins\org.opentest4j_1.0.0.v20170910-2246.jar;C:\Users\Ne Z Ar\.p2\po
Launcher Type: SUN_STANDARD

Environment Variables:
PATH=C:/Program Files/Java/jre1.8.0_152/bin/server;C:/Program Files/Java/jre1.8.0_152/bin;C:/Program Files/Java/jre1.8.0_152/lib/amd64;C:\ProgramData\Oracle\Java\javapath;C:\Windows\system32;C:\Windows;C:\Windows\System32\Wbem;C:\Windows\System32\WindowsPowerShell\v1.0\;C:\Program Files (x86)\NVIDIA Corporation\PhysX\Common;C:\WINDOWS\system32;C:\WINDOWS;C:\WINDOWS\System32\Wbem;C:\WINDOWS\System32\WindowsPowerShell\v1.0\;C:\WINDOWS\System32\OpenSSH\;C:\Program Files\MATLAB\R2019b\bin;C:\Program Files\Java\jdk1.8.0_161\bin;%USERPROFILE%\AppData\Local\Microsoft\WindowsApps;;C:\WINDOWS\system32;
USERNAME=Ne Z Ar
OS=Windows_NT
PROCESSOR_IDENTIFIER=Intel64 Family 6 Model 142 Stepping 9, GenuineIntel



---------------  S Y S T E M  ---------------

OS: Windows 10.0 , 64 bit Build 18362 (10.0.18362.329)

CPU:total 4 (initial active 4) (2 cores per cpu, 2 threads per core) family 6 model 142 stepping 9, cmov, cx8, fxsr, mmx, sse, sse2, sse3, ssse3, sse4.1, sse4.2, popcnt, avx, avx2, aes, clmul, erms, 3dnowpref, lzcnt, ht, tsc, tscinvbit, bmi1, bmi2, adx

Memory: 4k page, physical 8286436k(2084432k free), swap 27422432k(6108k free)

vm_info: Java HotSpot(TM) 64-Bit Server VM (25.161-b12) for windows-amd64 JRE (1.8.0_161-b12), built on Dec 19 2017 17:52:25 by "java_re" with MS VC++ 10.0 (VS2010)

time: Tue May 12 04:18:08 2020
elapsed time: 0 seconds (0d 0h 0m 0s)

